<?xml version="1.0" encoding="UTF-8"?>
<!-- Generated by org.testng.reporters.JUnitReportReporter -->
<testsuite hostname="LAPTOP-DC276QPP" failures="0" tests="1" name="testngDemo.Demo2" time="5.691" errors="0" timestamp="2022-05-28T05:50:54 IST" skipped="0">
  <testcase classname="testngDemo.Demo2" name="OpenBrowser" time="5.691"/>
  <system-out>
    <![CDATA[OpenBrowser]]>
  </system-out>
</testsuite> <!-- testngDemo.Demo2 -->
