<?xml version="1.0" encoding="UTF-8"?>
<!-- Generated by org.testng.reporters.JUnitReportReporter -->
<testsuite hostname="LAPTOP-DC276QPP" failures="0" tests="4" name="annotates.DP1Test" time="0.025" errors="0" timestamp="2022-06-28T17:01:26 IST" skipped="0">
  <testcase classname="annotates.DP1Test" name="testM" time="0.006"/>
  <system-out/>
  <testcase classname="annotates.DP1Test" name="testM" time="0.006"/>
  <system-out/>
  <testcase classname="annotates.DP1Test" name="testM" time="0.006"/>
  <system-out/>
  <testcase classname="annotates.DP1Test" name="testM" time="0.007"/>
  <system-out/>
</testsuite> <!-- annotates.DP1Test -->
