<?xml version="1.0" encoding="UTF-8"?>
<!-- Generated by org.testng.reporters.JUnitReportReporter -->
<testsuite hostname="LAPTOP-DC276QPP" failures="0" tests="3" name="testngDemo.Demo1" time="0.006" errors="0" timestamp="2022-06-27T03:29:04 IST" skipped="0">
  <testcase classname="testngDemo.Demo1" name="TC" time="0.005"/>
  <system-out>
    <![CDATA[Running TC]]>
  </system-out>
  <testcase classname="testngDemo.Demo1" name="m2" time="0.001"/>
  <system-out>
    <![CDATA[Running m2]]>
  </system-out>
  <testcase classname="testngDemo.Demo1" name="m1" time="0.000"/>
  <system-out>
    <![CDATA[Runnig m1]]>
  </system-out>
</testsuite> <!-- testngDemo.Demo1 -->
