<?xml version="1.0" encoding="UTF-8"?>
<!-- Generated by org.testng.reporters.JUnitReportReporter -->
<testsuite hostname="LAPTOP-DC276QPP" failures="0" tests="2" name="july2022.LoginDataProvider" time="40.523" errors="0" timestamp="2022-07-12T19:24:14 IST" skipped="0">
  <testcase classname="july2022.LoginDataProvider" name="TestLogin" time="20.813"/>
  <system-out/>
  <testcase classname="july2022.LoginDataProvider" name="TestLogin" time="19.710"/>
  <system-out/>
</testsuite> <!-- july2022.LoginDataProvider -->
