<?xml version="1.0" encoding="UTF-8"?>
<!-- Generated by org.testng.reporters.JUnitReportReporter -->
<testsuite hostname="LAPTOP-DC276QPP" failures="0" tests="3" name="testngDemo.Demo3" time="0.011" errors="0" timestamp="2022-06-26T19:13:20 IST" skipped="1">
  <testcase classname="testngDemo.Demo3" name="TestClass3" time="0.006"/>
  <system-out>
    <![CDATA[Test Class 3 Execution]]>
  </system-out>
  <testcase classname="testngDemo.Demo3" name="TestClass" time="0.005"/>
  <system-out>
    <![CDATA[Test Class Execution]]>
  </system-out>
  <testcase classname="testngDemo.Demo3" name="TestClass2">
    <skipped/>
  </testcase> <!-- TestClass2 -->
  <system-out/>
</testsuite> <!-- testngDemo.Demo3 -->
