<?xml version="1.0" encoding="UTF-8"?>
<!-- Generated by org.testng.reporters.JUnitReportReporter -->
<testsuite hostname="LAPTOP-DC276QPP" failures="0" tests="1" name="seleniumBasic.ParallelTesting1" time="6.996" errors="0" timestamp="2022-06-26T16:05:28 IST" skipped="0">
  <testcase classname="seleniumBasic.ParallelTesting1" name="OpenFacebook" time="6.996"/>
  <system-out>
    <![CDATA[https://www.facebook.com/]]>
  </system-out>
</testsuite> <!-- seleniumBasic.ParallelTesting1 -->
