<?xml version="1.0" encoding="UTF-8"?>
<!-- Generated by org.testng.reporters.JUnitReportReporter -->
<testsuite hostname="LAPTOP-DC276QPP" failures="0" tests="4" name="annotates.Annotations" time="0.007" errors="0" timestamp="2022-06-28T16:51:41 IST" skipped="0">
  <testcase classname="annotates.Annotations" name="TestMethod" time="0.001"/>
  <system-out/>
  <testcase classname="annotates.Annotations" name="TestMethod" time="0.001"/>
  <system-out/>
  <testcase classname="annotates.Annotations" name="TestMethod" time="0.004"/>
  <system-out/>
  <testcase classname="annotates.Annotations" name="TestMethod" time="0.001"/>
  <system-out/>
</testsuite> <!-- annotates.Annotations -->
