<?xml version="1.0" encoding="UTF-8"?>
<!-- Generated by org.testng.reporters.JUnitReportReporter -->
<testsuite hostname="LAPTOP-DC276QPP" failures="0" tests="2" name="seleniumBasic.SuitePractice2" time="0.002" errors="0" timestamp="2022-06-03T14:28:07 IST" skipped="0">
  <testcase classname="seleniumBasic.SuitePractice2" name="b1" time="0.001"/>
  <system-out>
    <![CDATA[Running b1]]>
  </system-out>
  <testcase classname="seleniumBasic.SuitePractice2" name="b2" time="0.001"/>
  <system-out>
    <![CDATA[Running b2]]>
  </system-out>
</testsuite> <!-- seleniumBasic.SuitePractice2 -->
