<?xml version="1.0" encoding="UTF-8"?>
<!-- Generated by org.testng.reporters.JUnitReportReporter -->
<testsuite hostname="LAPTOP-DC276QPP" failures="0" tests="1" name="seleniumBasic.Assertions" time="0.008" errors="0" timestamp="2022-06-29T13:29:30 IST" skipped="0">
  <testcase classname="seleniumBasic.Assertions" name="test1" time="0.008"/>
  <system-out/>
</testsuite> <!-- seleniumBasic.Assertions -->
