<?xml version="1.0" encoding="UTF-8"?>
<!-- Generated by org.testng.reporters.JUnitReportReporter -->
<testsuite hostname="LAPTOP-DC276QPP" failures="0" tests="1" name="scrollActions.ScrollOpsPixels" time="16.662" errors="0" timestamp="2022-06-28T16:36:52 IST" skipped="0">
  <testcase classname="scrollActions.ScrollOpsPixels" name="ScrollOps" time="16.662"/>
  <system-out>
    <![CDATA[Scroll Down 1000 Pixels
Scroll Down 1000 Pixels
Thread.Sleep(1000) Executed
Scroll Up 1000 Pixels
Thread.Sleep(1000) Executed
Driver Closed. Test Complete!]]>
  </system-out>
</testsuite> <!-- scrollActions.ScrollOpsPixels -->
