<?xml version="1.0" encoding="UTF-8"?>
<!-- Generated by org.testng.reporters.JUnitReportReporter -->
<testsuite hostname="LAPTOP-DC276QPP" failures="0" tests="3" name="seleniumBasic.SuitePractice" time="0.006" errors="0" timestamp="2022-06-04T10:50:39 IST" skipped="0">
  <testcase classname="seleniumBasic.SuitePractice" name="t5" time="0.000"/>
  <system-out>
    <![CDATA[Running T5]]>
  </system-out>
  <testcase classname="seleniumBasic.SuitePractice" name="t2" time="0.001"/>
  <system-out>
    <![CDATA[Running t2]]>
  </system-out>
  <testcase classname="seleniumBasic.SuitePractice" name="t1" time="0.005"/>
  <system-out>
    <![CDATA[Running t1]]>
  </system-out>
</testsuite> <!-- seleniumBasic.SuitePractice -->
