<?xml version="1.0" encoding="UTF-8"?>
<!-- Generated by org.testng.reporters.JUnitReportReporter -->
<testsuite hostname="LAPTOP-DC276QPP" failures="0" tests="2" name="seleniumBasic.MultiBrowserTesting" time="14.660" errors="0" timestamp="2022-06-26T16:06:06 IST" skipped="0">
  <testcase classname="seleniumBasic.MultiBrowserTesting" name="multiBrowser" time="6.569"/>
  <system-out/>
  <testcase classname="seleniumBasic.MultiBrowserTesting" name="multiBrowser" time="8.091"/>
  <system-out/>
</testsuite> <!-- seleniumBasic.MultiBrowserTesting -->
