<?xml version="1.0" encoding="UTF-8"?>
<!-- Generated by org.testng.reporters.JUnitReportReporter -->
<testsuite hostname="LAPTOP-DC276QPP" failures="0" tests="1" name="scrollActions.TestClass" time="11.019" errors="0" timestamp="2022-06-28T17:22:20 IST" skipped="0">
  <testcase classname="scrollActions.TestClass" name="TestClassM" time="11.019"/>
  <system-out>
    <![CDATA[Test Class Executed
Scroll Down 1000 Pixels
Scroll Down 1000 Pixels
Thread.Sleep(1000) Executed
Scroll Up 1000 Pixels
Thread.Sleep(1000) Executed
Driver Closed. Test Complete!]]>
  </system-out>
</testsuite> <!-- scrollActions.TestClass -->
