<?xml version="1.0" encoding="UTF-8"?>
<!-- Generated by org.testng.reporters.JUnitReportReporter -->
<testsuite hostname="LAPTOP-DC276QPP" failures="0" tests="1" name="seleniumBasic.ParallelTesting3" time="12.969" errors="0" timestamp="2022-06-26T16:05:28 IST" skipped="0">
  <testcase classname="seleniumBasic.ParallelTesting3" name="OpenFlipkart" time="12.969"/>
  <system-out/>
</testsuite> <!-- seleniumBasic.ParallelTesting3 -->
