<?xml version="1.0" encoding="UTF-8"?>
<!-- Generated by org.testng.reporters.JUnitReportReporter -->
<testsuite hostname="LAPTOP-DC276QPP" failures="0" tests="2" name="seleniumBasic.MultiBrowserTesting1" time="9.635" errors="0" timestamp="2022-06-26T16:35:35 IST" skipped="0">
  <testcase classname="seleniumBasic.MultiBrowserTesting1" name="multiBrowsers" time="6.139"/>
  <system-out/>
  <testcase classname="seleniumBasic.MultiBrowserTesting1" name="multiBrowsers" time="3.496"/>
  <system-out/>
</testsuite> <!-- seleniumBasic.MultiBrowserTesting1 -->
