<?xml version="1.0" encoding="UTF-8"?>
<!-- Generated by org.testng.reporters.JUnitReportReporter -->
<testsuite hostname="LAPTOP-DC276QPP" failures="0" tests="1" name="amazonProject.TestClass" time="9.648" errors="0" timestamp="2022-05-30T10:52:01 IST" skipped="0">
  <testcase classname="amazonProject.TestClass" name="TestMethod" time="9.648"/>
  <system-out>
    <![CDATA[Test Case Executed: Login Successful]]>
  </system-out>
</testsuite> <!-- amazonProject.TestClass -->
