<?xml version="1.0" encoding="UTF-8"?>
<!-- Generated by org.testng.reporters.JUnitReportReporter -->
<testsuite hostname="LAPTOP-DC276QPP" failures="0" tests="2" name="seleniumBasic.SuitePractice1" time="0.006" errors="0" timestamp="2022-06-03T14:28:07 IST" skipped="0">
  <testcase classname="seleniumBasic.SuitePractice1" name="a2" time="0.001"/>
  <system-out>
    <![CDATA[Running a2]]>
  </system-out>
  <testcase classname="seleniumBasic.SuitePractice1" name="a1" time="0.005"/>
  <system-out>
    <![CDATA[Running a1]]>
  </system-out>
</testsuite> <!-- seleniumBasic.SuitePractice1 -->
